<?xml version="1.0" encoding="UTF-8"?>
<!-- Generated by org.testng.reporters.JUnitReportReporter -->
<testsuite hostname="DESKTOP-T7IHCJ8" failures="0" tests="1" name="maventestNG.MavenTestNGExample" time="0.022" errors="0" timestamp="2024-09-15T19:55:31 IST" skipped="0">
  <testcase classname="maventestNG.MavenTestNGExample" name="myTest" time="0.022"/>
  <system-out/>
</testsuite> <!-- maventestNG.MavenTestNGExample -->
